[2016-05-03 15:12:40] [INFO ] [org.springframework.web.context.ContextLoader:285]
				 o.s.web.context.ContextLoader Root WebApplicationContext: initialization started
[2016-05-03 15:12:40] [INFO ] [org.springframework.web.context.support.XmlWebApplicationContext:512]
				 o.s.w.c.s.XmlWebApplicationContext Refreshing Root WebApplicationContext: startup date [Tue May 03 15:12:40 CST 2016]; root of context hierarchy
[2016-05-03 15:12:40] [INFO ] [org.springframework.beans.factory.xml.XmlBeanDefinitionReader:316]
				 o.s.b.f.xml.XmlBeanDefinitionReader Loading XML bean definitions from URL [file:/E:/workspace/qywspt/workspace-maven/teacher/WebContent/WEB-INF/classes/resources/properties-loader.spring.xml]
[2016-05-03 15:12:40] [INFO ] [org.springframework.beans.factory.xml.XmlBeanDefinitionReader:316]
				 o.s.b.f.xml.XmlBeanDefinitionReader Loading XML bean definitions from URL [file:/E:/workspace/qywspt/workspace-maven/teacher/WebContent/WEB-INF/classes/resources/applicationContext-all.xml]
[2016-05-03 15:12:40] [INFO ] [org.springframework.beans.factory.xml.XmlBeanDefinitionReader:316]
				 o.s.b.f.xml.XmlBeanDefinitionReader Loading XML bean definitions from URL [file:/E:/workspace/qywspt/workspace-maven/teacher/WebContent/WEB-INF/classes/resources/applicationContext-db.xml]
[2016-05-03 15:12:40] [INFO ] [org.springframework.beans.factory.xml.XmlBeanDefinitionReader:316]
				 o.s.b.f.xml.XmlBeanDefinitionReader Loading XML bean definitions from URL [file:/E:/workspace/qywspt/workspace-maven/teacher/WebContent/WEB-INF/classes/resources/applicationContext-aop.xml]
[2016-05-03 15:12:40] [INFO ] [org.springframework.beans.factory.xml.XmlBeanDefinitionReader:316]
				 o.s.b.f.xml.XmlBeanDefinitionReader Loading XML bean definitions from URL [file:/E:/workspace/qywspt/workspace-maven/teacher/WebContent/WEB-INF/classes/resources/applicationContext-webservice.xml]
[2016-05-03 15:12:40] [INFO ] [org.springframework.beans.factory.xml.XmlBeanDefinitionReader:316]
				 o.s.b.f.xml.XmlBeanDefinitionReader Loading XML bean definitions from URL [jar:file:/E:/workspace/qywspt/workspace-maven/teacher/WebContent/WEB-INF/lib/cxf-rt-core-2.7.16.jar!/META-INF/cxf/cxf.xml]
[2016-05-03 15:12:41] [INFO ] [org.springframework.beans.factory.xml.XmlBeanDefinitionReader:316]
				 o.s.b.f.xml.XmlBeanDefinitionReader Loading XML bean definitions from URL [jar:file:/E:/workspace/qywspt/workspace-maven/teacher/WebContent/WEB-INF/lib/cxf-rt-transports-http-2.7.16.jar!/META-INF/cxf/cxf-servlet.xml]
[2016-05-03 15:12:41] [INFO ] [org.springframework.beans.factory.xml.XmlBeanDefinitionReader:316]
				 o.s.b.f.xml.XmlBeanDefinitionReader Loading XML bean definitions from URL [jar:file:/E:/workspace/qywspt/workspace-maven/teacher/WebContent/WEB-INF/lib/cxf-rt-bindings-soap-2.7.16.jar!/META-INF/cxf/cxf-extension-soap.xml]
[2016-05-03 15:12:41] [INFO ] [org.springframework.beans.factory.config.PropertyPlaceholderConfigurer:172]
				 o.s.b.f.c.PropertyPlaceholderConfigurer Loading properties file from class path resource [properties/jdbc.properties]
[2016-05-03 15:12:41] [INFO ] [org.springframework.beans.factory.support.DefaultListableBeanFactory:603]
				 o.s.b.f.s.DefaultListableBeanFactory Pre-instantiating singletons in org.springframework.beans.factory.support.DefaultListableBeanFactory@66a8a81c: defining beans [org.springframework.beans.factory.config.PropertyPlaceholderConfigurer#0,engineServiceImpl,generalSqlServiceImpl,org.springframework.context.annotation.internalConfigurationAnnotationProcessor,org.springframework.context.annotation.internalAutowiredAnnotationProcessor,org.springframework.context.annotation.internalRequiredAnnotationProcessor,org.springframework.context.annotation.internalCommonAnnotationProcessor,dataSource,dialectManager,sqlSessionFactory,sqlSessionTemplate,sqlSessionTemplateProxy,transactionManager,org.springframework.aop.config.internalAutoProxyCreator,org.springframework.transaction.annotation.AnnotationTransactionAttributeSource#0,org.springframework.transaction.interceptor.TransactionInterceptor#0,org.springframework.transaction.config.internalTransactionAdvisor,logAopService,logAopPointCut,org.springframework.aop.aspectj.AspectJPointcutAdvisor#0,org.springframework.aop.aspectj.AspectJPointcutAdvisor#1,org.springframework.aop.aspectj.AspectJPointcutAdvisor#2,cxf,org.apache.cxf.bus.spring.BusWiringBeanFactoryPostProcessor,org.apache.cxf.bus.spring.Jsr250BeanPostProcessor,org.apache.cxf.bus.spring.BusExtensionPostProcessor,org.apache.cxf.binding.soap.SoapBindingFactory,org.apache.cxf.binding.soap.SoapTransportFactory,org.apache.cxf.binding.soap.customEditorConfigurer,org.springframework.context.annotation.ConfigurationClassPostProcessor.importAwareProcessor]; root of factory hierarchy
[2016-05-03 15:12:41] [WARN ] [org.apache.cxf.bus.spring.OldSpringSupport:55]
				 o.a.cxf.bus.spring.OldSpringSupport Import of META-INF/cxf/cxf-extension-soap.xml has been deprecated and is unnecessary.
[2016-05-03 15:12:42] [INFO ] [org.springframework.web.context.ContextLoader:325]
				 o.s.web.context.ContextLoader Root WebApplicationContext: initialization completed in 2579 ms
[2016-05-03 15:12:42] [INFO ] [org.springframework.web.servlet.DispatcherServlet:457]
				 o.s.web.servlet.DispatcherServlet FrameworkServlet 'springMVC': initialization started
[2016-05-03 15:12:42] [INFO ] [org.springframework.web.context.support.XmlWebApplicationContext:512]
				 o.s.w.c.s.XmlWebApplicationContext Refreshing WebApplicationContext for namespace 'springMVC-servlet': startup date [Tue May 03 15:12:42 CST 2016]; parent: Root WebApplicationContext
[2016-05-03 15:12:42] [INFO ] [org.springframework.beans.factory.xml.XmlBeanDefinitionReader:316]
				 o.s.b.f.xml.XmlBeanDefinitionReader Loading XML bean definitions from URL [file:/E:/workspace/qywspt/workspace-maven/teacher/WebContent/WEB-INF/classes/resources/applicationContext-mvc.xml]
[2016-05-03 15:12:43] [INFO ] [org.springframework.beans.factory.support.DefaultListableBeanFactory:603]
				 o.s.b.f.s.DefaultListableBeanFactory Pre-instantiating singletons in org.springframework.beans.factory.support.DefaultListableBeanFactory@54a50a00: defining beans [apiCloud,dicController,engineController,loginController,org.springframework.context.annotation.internalConfigurationAnnotationProcessor,org.springframework.context.annotation.internalAutowiredAnnotationProcessor,org.springframework.context.annotation.internalRequiredAnnotationProcessor,org.springframework.context.annotation.internalCommonAnnotationProcessor,multipartResolver,org.springframework.web.servlet.resource.ResourceHttpRequestHandler#0,org.springframework.web.servlet.handler.SimpleUrlHandlerMapping#0,org.springframework.web.servlet.handler.BeanNameUrlHandlerMapping,org.springframework.web.servlet.mvc.HttpRequestHandlerAdapter,org.springframework.web.servlet.mvc.SimpleControllerHandlerAdapter,org.springframework.web.servlet.resource.ResourceHttpRequestHandler#1,org.springframework.web.servlet.handler.SimpleUrlHandlerMapping#1,org.springframework.web.servlet.resource.ResourceHttpRequestHandler#2,org.springframework.web.servlet.handler.SimpleUrlHandlerMapping#2,org.springframework.web.servlet.resource.ResourceHttpRequestHandler#3,org.springframework.web.servlet.handler.SimpleUrlHandlerMapping#3,org.springframework.web.servlet.resource.ResourceHttpRequestHandler#4,org.springframework.web.servlet.handler.SimpleUrlHandlerMapping#4,org.springframework.web.servlet.resource.ResourceHttpRequestHandler#5,org.springframework.web.servlet.handler.SimpleUrlHandlerMapping#5,org.springframework.web.servlet.view.InternalResourceViewResolver#0,org.springframework.web.servlet.config.viewControllerHandlerMapping,exceptionResolver,mvcContentNegotiationManager,org.springframework.web.servlet.mvc.method.annotation.RequestMappingHandlerMapping#0,org.springframework.format.support.FormattingConversionServiceFactoryBean#0,org.springframework.validation.beanvalidation.LocalValidatorFactoryBean#0,org.springframework.web.servlet.mvc.method.annotation.RequestMappingHandlerAdapter#0,org.springframework.web.servlet.handler.MappedInterceptor#0,org.springframework.web.servlet.mvc.method.annotation.ExceptionHandlerExceptionResolver#0,org.springframework.web.servlet.mvc.annotation.ResponseStatusExceptionResolver#0,org.springframework.web.servlet.mvc.support.DefaultHandlerExceptionResolver#0,fastJsonHttpMessageConverter,org.springframework.context.annotation.ConfigurationClassPostProcessor.importAwareProcessor]; parent: org.springframework.beans.factory.support.DefaultListableBeanFactory@66a8a81c
[2016-05-03 15:12:43] [INFO ] [org.springframework.web.servlet.handler.SimpleUrlHandlerMapping:315]
				 o.s.w.s.h.SimpleUrlHandlerMapping Mapped URL path [/js/**] onto handler 'org.springframework.web.servlet.resource.ResourceHttpRequestHandler#0'
[2016-05-03 15:12:43] [INFO ] [org.springframework.web.servlet.handler.SimpleUrlHandlerMapping:315]
				 o.s.w.s.h.SimpleUrlHandlerMapping Mapped URL path [/images/**] onto handler 'org.springframework.web.servlet.resource.ResourceHttpRequestHandler#1'
[2016-05-03 15:12:43] [INFO ] [org.springframework.web.servlet.handler.SimpleUrlHandlerMapping:315]
				 o.s.w.s.h.SimpleUrlHandlerMapping Mapped URL path [/css/**] onto handler 'org.springframework.web.servlet.resource.ResourceHttpRequestHandler#2'
[2016-05-03 15:12:43] [INFO ] [org.springframework.web.servlet.handler.SimpleUrlHandlerMapping:315]
				 o.s.w.s.h.SimpleUrlHandlerMapping Mapped URL path [/*.html] onto handler 'org.springframework.web.servlet.resource.ResourceHttpRequestHandler#3'
[2016-05-03 15:12:43] [INFO ] [org.springframework.web.servlet.handler.SimpleUrlHandlerMapping:315]
				 o.s.w.s.h.SimpleUrlHandlerMapping Mapped URL path [/html/**] onto handler 'org.springframework.web.servlet.resource.ResourceHttpRequestHandler#4'
[2016-05-03 15:12:43] [INFO ] [org.springframework.web.servlet.handler.SimpleUrlHandlerMapping:315]
				 o.s.w.s.h.SimpleUrlHandlerMapping Mapped URL path [/json/**] onto handler 'org.springframework.web.servlet.resource.ResourceHttpRequestHandler#5'
[2016-05-03 15:12:43] [INFO ] [org.springframework.web.servlet.handler.SimpleUrlHandlerMapping:302]
				 o.s.w.s.h.SimpleUrlHandlerMapping Root mapping to handler of type [class org.springframework.web.servlet.mvc.ParameterizableViewController]
[2016-05-03 15:12:43] [INFO ] [org.springframework.web.servlet.mvc.method.annotation.RequestMappingHandlerMapping:180]
				 o.s.w.s.m.m.a.RequestMappingHandlerMapping Mapped "{[/api/{object}/{id}],methods=[GET],params=[],headers=[],consumes=[],produces=[],custom=[]}" onto public java.lang.Object com.wondersgroup.api.apicloud.ApiCloud.get(java.lang.String,java.lang.String,javax.servlet.http.HttpServletRequest,javax.servlet.http.HttpServletResponse)
[2016-05-03 15:12:43] [INFO ] [org.springframework.web.servlet.mvc.method.annotation.RequestMappingHandlerMapping:180]
				 o.s.w.s.m.m.a.RequestMappingHandlerMapping Mapped "{[/api/{object}/count],methods=[GET],params=[],headers=[],consumes=[],produces=[],custom=[]}" onto public java.lang.Object com.wondersgroup.api.apicloud.ApiCloud.count(java.lang.String,javax.servlet.http.HttpServletRequest,javax.servlet.http.HttpServletResponse)
[2016-05-03 15:12:43] [INFO ] [org.springframework.web.servlet.mvc.method.annotation.RequestMappingHandlerMapping:180]
				 o.s.w.s.m.m.a.RequestMappingHandlerMapping Mapped "{[/api/{object}],methods=[POST],params=[],headers=[],consumes=[],produces=[],custom=[]}" onto public java.lang.Object com.wondersgroup.api.apicloud.ApiCloud.save(java.lang.String,javax.servlet.http.HttpServletRequest,javax.servlet.http.HttpServletResponse)
[2016-05-03 15:12:43] [INFO ] [org.springframework.web.servlet.mvc.method.annotation.RequestMappingHandlerMapping:180]
				 o.s.w.s.m.m.a.RequestMappingHandlerMapping Mapped "{[/api/{object}/{id}],methods=[DELETE],params=[],headers=[],consumes=[],produces=[],custom=[]}" onto public java.lang.Object com.wondersgroup.api.apicloud.ApiCloud.delete(java.lang.String,java.lang.String,javax.servlet.http.HttpServletRequest,javax.servlet.http.HttpServletResponse)
[2016-05-03 15:12:43] [INFO ] [org.springframework.web.servlet.mvc.method.annotation.RequestMappingHandlerMapping:180]
				 o.s.w.s.m.m.a.RequestMappingHandlerMapping Mapped "{[/api/{object}/{id}/reset],methods=[POST],params=[],headers=[],consumes=[],produces=[],custom=[]}" onto public java.lang.Object com.wondersgroup.api.apicloud.ApiCloud.reset(java.lang.String,java.lang.String,javax.servlet.http.HttpServletRequest,javax.servlet.http.HttpServletResponse)
[2016-05-03 15:12:43] [INFO ] [org.springframework.web.servlet.mvc.method.annotation.RequestMappingHandlerMapping:180]
				 o.s.w.s.m.m.a.RequestMappingHandlerMapping Mapped "{[/api/{object}/{id}/exists],methods=[GET],params=[],headers=[],consumes=[],produces=[],custom=[]}" onto public java.lang.Object com.wondersgroup.api.apicloud.ApiCloud.exists(java.lang.String,java.lang.String,javax.servlet.http.HttpServletRequest,javax.servlet.http.HttpServletResponse)
[2016-05-03 15:12:43] [INFO ] [org.springframework.web.servlet.mvc.method.annotation.RequestMappingHandlerMapping:180]
				 o.s.w.s.m.m.a.RequestMappingHandlerMapping Mapped "{[/api/{object}],methods=[GET],params=[],headers=[],consumes=[],produces=[],custom=[]}" onto public java.lang.Object com.wondersgroup.api.apicloud.ApiCloud.query(java.lang.String,javax.servlet.http.HttpServletRequest,javax.servlet.http.HttpServletResponse)
[2016-05-03 15:12:43] [INFO ] [org.springframework.web.servlet.mvc.method.annotation.RequestMappingHandlerMapping:180]
				 o.s.w.s.m.m.a.RequestMappingHandlerMapping Mapped "{[/api/{object}/{id}/verify],methods=[POST],params=[],headers=[],consumes=[],produces=[],custom=[]}" onto public java.lang.Object com.wondersgroup.api.apicloud.ApiCloud.verify(java.lang.String,java.lang.String,javax.servlet.http.HttpServletRequest,javax.servlet.http.HttpServletResponse)
[2016-05-03 15:12:43] [INFO ] [org.springframework.web.servlet.mvc.method.annotation.RequestMappingHandlerMapping:180]
				 o.s.w.s.m.m.a.RequestMappingHandlerMapping Mapped "{[/api/{object}],methods=[PUT],params=[],headers=[],consumes=[],produces=[],custom=[]}" onto public java.lang.Object com.wondersgroup.api.apicloud.ApiCloud.update(java.lang.String,java.lang.String,javax.servlet.http.HttpServletRequest,javax.servlet.http.HttpServletResponse)
[2016-05-03 15:12:43] [INFO ] [org.springframework.web.servlet.mvc.method.annotation.RequestMappingHandlerMapping:180]
				 o.s.w.s.m.m.a.RequestMappingHandlerMapping Mapped "{[/api/{object}/{id}/findOne],methods=[GET],params=[],headers=[],consumes=[],produces=[],custom=[]}" onto public java.lang.Object com.wondersgroup.api.apicloud.ApiCloud.findOne(java.lang.String,java.lang.String,javax.servlet.http.HttpServletRequest,javax.servlet.http.HttpServletResponse)
[2016-05-03 15:12:43] [INFO ] [org.springframework.web.servlet.mvc.method.annotation.RequestMappingHandlerMapping:180]
				 o.s.w.s.m.m.a.RequestMappingHandlerMapping Mapped "{[/api/{object}/{id}/batch],methods=[POST],params=[],headers=[],consumes=[],produces=[],custom=[]}" onto public java.lang.Object com.wondersgroup.api.apicloud.ApiCloud.batch(java.lang.String,java.lang.String,javax.servlet.http.HttpServletRequest,javax.servlet.http.HttpServletResponse)
[2016-05-03 15:12:43] [INFO ] [org.springframework.web.servlet.mvc.method.annotation.RequestMappingHandlerMapping:180]
				 o.s.w.s.m.m.a.RequestMappingHandlerMapping Mapped "{[/api/user/login],methods=[POST],params=[],headers=[],consumes=[],produces=[],custom=[]}" onto public java.lang.Object com.wondersgroup.api.apicloud.ApiCloud.login(javax.servlet.http.HttpServletRequest,javax.servlet.http.HttpServletResponse)
[2016-05-03 15:12:43] [INFO ] [org.springframework.web.servlet.mvc.method.annotation.RequestMappingHandlerMapping:180]
				 o.s.w.s.m.m.a.RequestMappingHandlerMapping Mapped "{[/api/user/logout],methods=[POST],params=[],headers=[],consumes=[],produces=[],custom=[]}" onto public java.lang.Object com.wondersgroup.api.apicloud.ApiCloud.logout(javax.servlet.http.HttpServletRequest,javax.servlet.http.HttpServletResponse)
[2016-05-03 15:12:43] [INFO ] [org.springframework.web.servlet.mvc.method.annotation.RequestMappingHandlerMapping:180]
				 o.s.w.s.m.m.a.RequestMappingHandlerMapping Mapped "{[/api/{object}/{id}/sendvercode],methods=[POST],params=[],headers=[],consumes=[],produces=[],custom=[]}" onto public java.lang.Object com.wondersgroup.api.apicloud.ApiCloud.sendvercode(java.lang.String,java.lang.String,javax.servlet.http.HttpServletRequest,javax.servlet.http.HttpServletResponse)
[2016-05-03 15:12:43] [INFO ] [org.springframework.web.servlet.mvc.method.annotation.RequestMappingHandlerMapping:180]
				 o.s.w.s.m.m.a.RequestMappingHandlerMapping Mapped "{[/api/{object}/{id}/checkvercode],methods=[POST],params=[],headers=[],consumes=[],produces=[],custom=[]}" onto public java.lang.Object com.wondersgroup.api.apicloud.ApiCloud.checkvercode(java.lang.String,java.lang.String,javax.servlet.http.HttpServletRequest,javax.servlet.http.HttpServletResponse)
[2016-05-03 15:12:43] [INFO ] [org.springframework.web.servlet.mvc.method.annotation.RequestMappingHandlerMapping:180]
				 o.s.w.s.m.m.a.RequestMappingHandlerMapping Mapped "{[/api/{object}/{id}/resetByMobile],methods=[POST],params=[],headers=[],consumes=[],produces=[],custom=[]}" onto public java.lang.Object com.wondersgroup.api.apicloud.ApiCloud.resetByMobile(java.lang.String,java.lang.String,javax.servlet.http.HttpServletRequest,javax.servlet.http.HttpServletResponse)
[2016-05-03 15:12:43] [INFO ] [org.springframework.web.servlet.mvc.method.annotation.RequestMappingHandlerMapping:180]
				 o.s.w.s.m.m.a.RequestMappingHandlerMapping Mapped "{[/dic/{object}],methods=[POST],params=[],headers=[],consumes=[],produces=[],custom=[]}" onto public java.util.List<java.util.Map<java.lang.String, java.lang.Object>> com.wondersgroup.api.web.controll.DicController.find(java.lang.String,javax.servlet.http.HttpServletRequest,javax.servlet.http.HttpServletResponse)
[2016-05-03 15:12:43] [INFO ] [org.springframework.web.servlet.mvc.method.annotation.RequestMappingHandlerMapping:180]
				 o.s.w.s.m.m.a.RequestMappingHandlerMapping Mapped "{[/engine/{object}],methods=[GET],params=[],headers=[],consumes=[],produces=[],custom=[]}" onto public com.wondersgroup.api.web.bean.Response com.wondersgroup.api.web.controll.EngineController.find(java.lang.String,javax.servlet.http.HttpServletRequest,javax.servlet.http.HttpServletResponse)
[2016-05-03 15:12:43] [INFO ] [org.springframework.web.servlet.mvc.method.annotation.RequestMappingHandlerMapping:180]
				 o.s.w.s.m.m.a.RequestMappingHandlerMapping Mapped "{[/engine/{object}/{id}],methods=[DELETE],params=[],headers=[],consumes=[],produces=[],custom=[]}" onto public com.wondersgroup.api.web.bean.Response com.wondersgroup.api.web.controll.EngineController.delete(java.lang.String,java.lang.String,javax.servlet.http.HttpServletRequest,javax.servlet.http.HttpServletResponse)
[2016-05-03 15:12:43] [INFO ] [org.springframework.web.servlet.mvc.method.annotation.RequestMappingHandlerMapping:180]
				 o.s.w.s.m.m.a.RequestMappingHandlerMapping Mapped "{[/engine/{object}],methods=[POST],params=[],headers=[],consumes=[],produces=[],custom=[]}" onto public com.wondersgroup.api.web.bean.Response com.wondersgroup.api.web.controll.EngineController.create(java.lang.String,javax.servlet.http.HttpServletRequest,javax.servlet.http.HttpServletResponse)
[2016-05-03 15:12:43] [INFO ] [org.springframework.web.servlet.mvc.method.annotation.RequestMappingHandlerMapping:180]
				 o.s.w.s.m.m.a.RequestMappingHandlerMapping Mapped "{[/engine/{object}/{id}],methods=[PUT],params=[],headers=[],consumes=[],produces=[],custom=[]}" onto public com.wondersgroup.api.web.bean.Response com.wondersgroup.api.web.controll.EngineController.update(java.lang.String,java.lang.String,javax.servlet.http.HttpServletRequest,javax.servlet.http.HttpServletResponse)
[2016-05-03 15:12:43] [INFO ] [org.springframework.web.servlet.mvc.method.annotation.RequestMappingHandlerMapping:180]
				 o.s.w.s.m.m.a.RequestMappingHandlerMapping Mapped "{[/engine/{object}/deletes/{ids}],methods=[DELETE],params=[],headers=[],consumes=[],produces=[],custom=[]}" onto public com.wondersgroup.api.web.bean.Response com.wondersgroup.api.web.controll.EngineController.deletes(java.lang.String,java.lang.String,javax.servlet.http.HttpServletRequest,javax.servlet.http.HttpServletResponse)
[2016-05-03 15:12:43] [INFO ] [org.springframework.web.servlet.mvc.method.annotation.RequestMappingHandlerMapping:180]
				 o.s.w.s.m.m.a.RequestMappingHandlerMapping Mapped "{[/engine/{object}/{id}],methods=[GET],params=[],headers=[],consumes=[],produces=[],custom=[]}" onto public com.wondersgroup.api.web.bean.Response com.wondersgroup.api.web.controll.EngineController.show(java.lang.String,java.lang.String,javax.servlet.http.HttpServletRequest,javax.servlet.http.HttpServletResponse)
[2016-05-03 15:12:43] [INFO ] [org.springframework.web.servlet.mvc.method.annotation.RequestMappingHandlerMapping:180]
				 o.s.w.s.m.m.a.RequestMappingHandlerMapping Mapped "{[/engine/{sqlKey}/general],methods=[POST],params=[],headers=[],consumes=[],produces=[],custom=[]}" onto public com.wondersgroup.api.web.bean.Response com.wondersgroup.api.web.controll.EngineController.general(java.lang.String,javax.servlet.http.HttpServletRequest,javax.servlet.http.HttpServletResponse)
[2016-05-03 15:12:43] [INFO ] [org.springframework.web.servlet.mvc.method.annotation.RequestMappingHandlerMapping:180]
				 o.s.w.s.m.m.a.RequestMappingHandlerMapping Mapped "{[/index],methods=[],params=[],headers=[],consumes=[],produces=[],custom=[]}" onto public org.springframework.web.servlet.ModelAndView com.wondersgroup.api.web.controll.LoginController.index(javax.servlet.http.HttpServletRequest,javax.servlet.http.HttpServletResponse) throws java.lang.Exception
[2016-05-03 15:12:43] [INFO ] [org.springframework.web.servlet.mvc.method.annotation.RequestMappingHandlerMapping:180]
				 o.s.w.s.m.m.a.RequestMappingHandlerMapping Mapped "{[/login],methods=[],params=[],headers=[],consumes=[],produces=[],custom=[]}" onto public void com.wondersgroup.api.web.controll.LoginController.login(javax.servlet.http.HttpServletRequest,javax.servlet.http.HttpServletResponse) throws java.lang.Exception
[2016-05-03 15:12:43] [INFO ] [org.springframework.web.servlet.mvc.method.annotation.RequestMappingHandlerMapping:180]
				 o.s.w.s.m.m.a.RequestMappingHandlerMapping Mapped "{[/logout],methods=[],params=[],headers=[],consumes=[],produces=[],custom=[]}" onto public void com.wondersgroup.api.web.controll.LoginController.logout(javax.servlet.http.HttpServletRequest,javax.servlet.http.HttpServletResponse) throws java.lang.Exception
[2016-05-03 15:12:43] [INFO ] [org.hibernate.validator.internal.util.Version:30]
				 o.h.validator.internal.util.Version HV000001: Hibernate Validator 5.2.4.Final
[2016-05-03 15:12:43] [INFO ] [org.springframework.web.servlet.DispatcherServlet:476]
				 o.s.web.servlet.DispatcherServlet FrameworkServlet 'springMVC': initialization completed in 836 ms
